<?xml version="1.0" encoding="UTF-8"?>
<!-- Generated by org.testng.reporters.JUnitXMLReporter -->
<testsuite ignored="5" hostname="ITPL-LTP-022" failures="0" tests="6" name="Regression" time="0.087" errors="0" timestamp="2025-01-16T15:09:58 IST">
  <testcase classname="com.prameterise.PrameterDemo" name="grouptest" time="0.011"/>
  <testcase classname="com.prameterise.PrameterDemo" name="grouptest3" time="0.001"/>
  <testcase classname="com.prameterise.PrameterDemo" name="grouptest3" time="0.002"/>
  <testcase classname="com.prameterise.PrameterDemo" name="grouptest3" time="0.002"/>
  <testcase classname="com.prameterise.PrameterDemo" name="timeoutdemo" time="0.006"/>
  <testcase classname="com.prameterise.PrameterDemo" name="grouptest31" time="0.001"/>
  <testcase classname="com.prameterise.PrameterDemo" name="grouptest5" time="0.0">
    <ignored/>
  </testcase> <!-- grouptest5 -->
  <testcase classname="com.prameterise.PrameterDemo" name="grouptest4" time="0.0">
    <ignored/>
  </testcase> <!-- grouptest4 -->
  <testcase classname="com.prameterise.PrameterDemo" name="login" time="0.0">
    <ignored/>
  </testcase> <!-- login -->
  <testcase classname="com.prameterise.PrameterDemo" name="grouptest1" time="0.0">
    <ignored/>
  </testcase> <!-- grouptest1 -->
  <testcase classname="com.prameterise.PrameterDemo" name="UserDetails" time="0.0">
    <ignored/>
  </testcase> <!-- UserDetails -->
</testsuite> <!-- Regression -->
