<?xml version="1.0" encoding="UTF-8"?>
<!-- Generated by org.testng.reporters.JUnitXMLReporter -->
<testsuite ignored="1" hostname="ITPL-LTP-022" failures="0" tests="4" name="Test" time="0.609" errors="0" timestamp="2025-01-16T14:53:59 IST">
  <testcase classname="com.prameterise.PrameterDemo" name="grouptest" time="0.006"/>
  <testcase classname="com.prameterise.PrameterDemo" name="grouptest3" time="0.002"/>
  <testcase classname="com.prameterise.PrameterDemo" name="login" time="0.385"/>
  <testcase classname="com.prameterise.PrameterDemo" name="UserDetails" time="0.172"/>
  <testcase classname="com.prameterise.PrameterDemo" name="grouptest1" time="0.0">
    <ignored/>
  </testcase> <!-- grouptest1 -->
</testsuite> <!-- Test -->
